<?xml version="1.0" encoding="utf-8"?>
<?AutomationStudio Version="4.5.2.102"?>
<Objects>
  <Object
    Path="C:\Users\admin\Documents\vitya\lab2\Logical\Package.pkg"
    LogicalPath=""
    Type="Package.ParentUnknown"
    LastWriteTime="133432339428817674" />
  <Object
    Path="C:\Users\admin\Documents\vitya\lab2\Logical\Global.typ"
    LogicalPath="Global.typ"
    Type="File"
    LastWriteTime="132127528420000000"
    Private="false" />
  <Object
    Path="C:\Users\admin\Documents\vitya\lab2\Logical\Global.var"
    LogicalPath="Global.var"
    Type="File"
    LastWriteTime="132127528420000000"
    Private="false" />
  <Object
    Path="C:\Users\admin\Documents\vitya\lab2\Logical\Libraries\Package.pkg"
    LogicalPath="Libraries"
    Type="Package"
    LastWriteTime="133434840785067104" />
  <Object
    Path="C:\Users\admin\Documents\vitya\lab2\Logical\Libraries\operator\binary.lby"
    LogicalPath="Libraries.operator"
    Type="Library"
    LastWriteTime="132127528440000000" />
  <Object
    Path="C:\Users\admin\Documents\vitya\lab2\Logical\Libraries\operator\operator.fun"
    LogicalPath="Libraries.operator.operator.fun"
    Type="File"
    LastWriteTime="132127528440000000"
    Private="false" />
  <Object
    Path="C:\Users\admin\Documents\vitya\lab2\Logical\Libraries\operator\operator.typ"
    LogicalPath="Libraries.operator.operator.typ"
    Type="File"
    LastWriteTime="132127528440000000"
    Private="false" />
  <Object
    Path="C:\Users\admin\Documents\vitya\lab2\Logical\Libraries\operator\operator.var"
    LogicalPath="Libraries.operator.operator.var"
    Type="File"
    LastWriteTime="132127528440000000"
    Private="false" />
  <Object
    Path="C:\Users\admin\Documents\vitya\lab2\Logical\Libraries\astime\binary.lby"
    LogicalPath="Libraries.astime"
    Type="Library"
    LastWriteTime="132127528440000000" />
  <Object
    Path="C:\Users\admin\Documents\vitya\lab2\Logical\Libraries\astime\astime.fun"
    LogicalPath="Libraries.astime.astime.fun"
    Type="File"
    LastWriteTime="132127528440000000"
    Private="false" />
  <Object
    Path="C:\Users\admin\Documents\vitya\lab2\Logical\Libraries\astime\astime.typ"
    LogicalPath="Libraries.astime.astime.typ"
    Type="File"
    LastWriteTime="132127528440000000"
    Private="false" />
  <Object
    Path="C:\Users\admin\Documents\vitya\lab2\Logical\Libraries\astime\astime.var"
    LogicalPath="Libraries.astime.astime.var"
    Type="File"
    LastWriteTime="132127528440000000"
    Private="false" />
  <Object
    Path="C:\Users\admin\Documents\vitya\lab2\Logical\Libraries\AsIecCon\binary.lby"
    LogicalPath="Libraries.AsIecCon"
    Type="Library"
    LastWriteTime="132127528440000000" />
  <Object
    Path="C:\Users\admin\Documents\vitya\lab2\Logical\Libraries\AsIecCon\AsIecCon.fun"
    LogicalPath="Libraries.AsIecCon.AsIecCon.fun"
    Type="File"
    LastWriteTime="132127528440000000"
    Private="false" />
  <Object
    Path="C:\Users\admin\Documents\vitya\lab2\Logical\Libraries\AsIecCon\AsIecCon.typ"
    LogicalPath="Libraries.AsIecCon.AsIecCon.typ"
    Type="File"
    LastWriteTime="132127528440000000"
    Private="false" />
  <Object
    Path="C:\Users\admin\Documents\vitya\lab2\Logical\Libraries\AsIecCon\AsIecCon.var"
    LogicalPath="Libraries.AsIecCon.AsIecCon.var"
    Type="File"
    LastWriteTime="132127528440000000"
    Private="false" />
  <Object
    Path="C:\Users\admin\Documents\vitya\lab2\Logical\Libraries\runtime\binary.lby"
    LogicalPath="Libraries.runtime"
    Type="Library"
    LastWriteTime="133434840784910880" />
  <Object
    Path="C:\Users\admin\Documents\vitya\lab2\Logical\Libraries\runtime\runtime.fun"
    LogicalPath="Libraries.runtime.runtime.fun"
    Type="File"
    LastWriteTime="133434840784754674"
    Private="false" />
  <Object
    Path="C:\Users\admin\Documents\vitya\lab2\Logical\Libraries\runtime\runtime.typ"
    LogicalPath="Libraries.runtime.runtime.typ"
    Type="File"
    LastWriteTime="133434840784910880"
    Private="false" />
  <Object
    Path="C:\Users\admin\Documents\vitya\lab2\Logical\Libraries\runtime\runtime.var"
    LogicalPath="Libraries.runtime.runtime.var"
    Type="File"
    LastWriteTime="133434840784910880"
    Private="false" />
  <Object
    Path="C:\Users\admin\Documents\vitya\lab2\Logical\Libraries\DriveLib\ANSIC.lby"
    LogicalPath="Libraries.DriveLib"
    Type="Library"
    LastWriteTime="133410653689668501" />
  <Object
    Path="C:\Users\admin\Documents\vitya\lab2\Logical\Libraries\DriveLib\Types.typ"
    LogicalPath="Libraries.DriveLib.Types.typ"
    Type="File"
    LastWriteTime="133434858996167200"
    Private="false" />
  <Object
    Path="C:\Users\admin\Documents\vitya\lab2\Logical\Libraries\DriveLib\Constants.var"
    LogicalPath="Libraries.DriveLib.Constants.var"
    Type="File"
    LastWriteTime="133410649072598068"
    Private="false" />
  <Object
    Path="C:\Users\admin\Documents\vitya\lab2\Logical\Libraries\DriveLib\DrivelIB.fun"
    LogicalPath="Libraries.DriveLib.DrivelIB.fun"
    Type="File"
    LastWriteTime="133434859398088879"
    Private="false" />
  <Object
    Path="C:\Users\admin\Documents\vitya\lab2\Logical\Libraries\DriveLib\DriveStateMashine.c"
    LogicalPath="Libraries.DriveLib.DriveStateMashine.c"
    Type="File"
    LastWriteTime="133432335234945488"
    Private="false" />
  <Object
    Path="C:\Users\admin\Documents\vitya\lab2\Logical\Libraries\DriveLib\DoorStateMashine.c"
    LogicalPath="Libraries.DriveLib.DoorStateMashine.c"
    Type="File"
    LastWriteTime="133432346113431948"
    Private="false" />
  <Object
    Path="C:\Users\admin\Documents\vitya\lab2\Logical\Libraries\DriveLib\LedStateMashine.c"
    LogicalPath="Libraries.DriveLib.LedStateMashine.c"
    Type="File"
    LastWriteTime="133432344559887590"
    Private="false" />
  <Object
    Path="C:\Users\admin\Documents\vitya\lab2\Logical\Program\ANSIC.prg"
    LogicalPath="Program"
    Type="Program"
    LastWriteTime="133432339428578310" />
  <Object
    Path="C:\Users\admin\Documents\vitya\lab2\Logical\Program\Cyclic.c"
    LogicalPath="Program.Cyclic.c"
    Type="File"
    LastWriteTime="133432368732271454"
    Private="false" />
  <Object
    Path="C:\Users\admin\Documents\vitya\lab2\Logical\Program\Init.c"
    LogicalPath="Program.Init.c"
    Type="File"
    LastWriteTime="133432339428458628"
    Private="false" />
  <Object
    Path="C:\Users\admin\Documents\vitya\lab2\Logical\Program\Exit.c"
    LogicalPath="Program.Exit.c"
    Type="File"
    LastWriteTime="133432339428478587"
    Private="false" />
  <Object
    Path="C:\Users\admin\Documents\vitya\lab2\Logical\Program\Types.typ"
    LogicalPath="Program.Types.typ"
    Type="File"
    LastWriteTime="133432339428538415"
    Private="true" />
  <Object
    Path="C:\Users\admin\Documents\vitya\lab2\Logical\Program\Variables.var"
    LogicalPath="Program.Variables.var"
    Type="File"
    LastWriteTime="133432342248568678"
    Private="true" />
  <Object
    Path="C:\Users\admin\Documents\vitya\lab2\Physical\Config2\Config.pkg"
    LogicalPath="Config2"
    Type="Configuration.ParentUnknown"
    LastWriteTime="133432360625412148" />
  <Object
    Path="C:\Users\admin\Documents\vitya\lab2\Physical\Config2\Hardware.hw"
    LogicalPath="Config2.Hardware.hw"
    Type="File"
    LastWriteTime="133434874711342862"
    Private="false" />
  <Object
    Path="C:\Users\admin\Documents\vitya\lab2\Physical\Config2\Hardware.hwl"
    LogicalPath="Config2.Hardware.hwl"
    Type="File"
    LastWriteTime="133434872161245775"
    Private="false" />
  <Object
    Path="C:\Users\admin\Documents\vitya\lab2\Physical\Config2\4PP065_0571_P74\Cpu.pkg"
    LogicalPath="Config2.4PP065_0571_P74"
    Type="Cpu"
    LastWriteTime="133434863511374435" />
  <Object
    Path="C:\Users\admin\Documents\vitya\lab2\Physical\Config2\4PP065_0571_P74\Cpu.sw"
    LogicalPath="Config2.4PP065_0571_P74.Cpu.sw"
    Type="File"
    LastWriteTime="133432368628908633"
    Private="false" />
  <Object
    Path="C:\Users\admin\Documents\vitya\lab2\Physical\Config2\4PP065_0571_P74\Cpu.per"
    LogicalPath="Config2.4PP065_0571_P74.Cpu.per"
    Type="File"
    LastWriteTime="133432360613987113"
    Private="false" />
  <Object
    Path="C:\Users\admin\Documents\vitya\lab2\Physical\Config2\4PP065_0571_P74\IoMap.iom"
    LogicalPath="Config2.4PP065_0571_P74.IoMap.iom"
    Type="File"
    LastWriteTime="133434874201751544"
    Private="false" />
  <Object
    Path="C:\Users\admin\Documents\vitya\lab2\Physical\Config2\4PP065_0571_P74\PvMap.vvm"
    LogicalPath="Config2.4PP065_0571_P74.PvMap.vvm"
    Type="File"
    LastWriteTime="133432360614143303"
    Private="false" />
  <Object
    Path="C:\Users\admin\Documents\vitya\lab2\Physical\Config2\4PP065_0571_P74\Connectivity\Package.pkg"
    LogicalPath="Config2.4PP065_0571_P74.Connectivity"
    Type="Package"
    LastWriteTime="133432360614676708" />
  <Object
    Path="C:\Users\admin\Documents\vitya\lab2\Physical\Config2\4PP065_0571_P74\Connectivity\OpcUA\Package.pkg"
    LogicalPath="Config2.4PP065_0571_P74.Connectivity.OpcUA"
    Type="Package"
    LastWriteTime="133432360614676708" />
  <Object
    Path="C:\Users\admin\Documents\vitya\lab2\Physical\Config2\4PP065_0571_P74\TextSystem\Package.pkg"
    LogicalPath="Config2.4PP065_0571_P74.TextSystem"
    Type="Package"
    LastWriteTime="133432360614989175" />
  <Object
    Path="C:\Users\admin\Documents\vitya\lab2\Physical\Config2\4PP065_0571_P74\UnitSystem\Package.pkg"
    LogicalPath="Config2.4PP065_0571_P74.UnitSystem"
    Type="Package"
    LastWriteTime="133432360615145383" />
  <Object
    Path="C:\Users\admin\Documents\vitya\lab2\Physical\Config2\4PP065_0571_P74\AccessAndSecurity\Package.pkg"
    LogicalPath="Config2.4PP065_0571_P74.AccessAndSecurity"
    Type="Package"
    LastWriteTime="133432360615991818" />
  <Object
    Path="C:\Users\admin\Documents\vitya\lab2\Physical\Config2\4PP065_0571_P74\AccessAndSecurity\UserRoleSystem\Package.pkg"
    LogicalPath="Config2.4PP065_0571_P74.AccessAndSecurity.UserRoleSystem"
    Type="Package"
    LastWriteTime="133432360615301592" />
  <Object
    Path="C:\Users\admin\Documents\vitya\lab2\Physical\Config2\4PP065_0571_P74\AccessAndSecurity\UserRoleSystem\Role.role"
    LogicalPath="Config2.4PP065_0571_P74.AccessAndSecurity.UserRoleSystem.Role.role"
    Type="File"
    LastWriteTime="133432360615301592"
    Private="false" />
  <Object
    Path="C:\Users\admin\Documents\vitya\lab2\Physical\Config2\4PP065_0571_P74\AccessAndSecurity\UserRoleSystem\User.user"
    LogicalPath="Config2.4PP065_0571_P74.AccessAndSecurity.UserRoleSystem.User.user"
    Type="File"
    LastWriteTime="133432360615301592"
    Private="false" />
  <Object
    Path="C:\Users\admin\Documents\vitya\lab2\Physical\Config2\4PP065_0571_P74\AccessAndSecurity\CertificateStore\Package.pkg"
    LogicalPath="Config2.4PP065_0571_P74.AccessAndSecurity.CertificateStore"
    Type="Package"
    LastWriteTime="133432360615835620" />
  <Object
    Path="C:\Users\admin\Documents\vitya\lab2\Physical\Config2\4PP065_0571_P74\AccessAndSecurity\CertificateStore\OwnCertificates\Package.pkg"
    LogicalPath="Config2.4PP065_0571_P74.AccessAndSecurity.CertificateStore.OwnCertificates"
    Type="Package"
    LastWriteTime="133432360615679358" />
  <Object
    Path="C:\Users\admin\Documents\vitya\lab2\Physical\Config2\4PP065_0571_P74\AccessAndSecurity\CertificateStore\OwnCertificates\Certificates\Package.pkg"
    LogicalPath="Config2.4PP065_0571_P74.AccessAndSecurity.CertificateStore.OwnCertificates.Certificates"
    Type="Package"
    LastWriteTime="133432360615457816" />
  <Object
    Path="C:\Users\admin\Documents\vitya\lab2\Physical\Config2\4PP065_0571_P74\AccessAndSecurity\CertificateStore\OwnCertificates\PrivateKeys\Package.pkg"
    LogicalPath="Config2.4PP065_0571_P74.AccessAndSecurity.CertificateStore.OwnCertificates.PrivateKeys"
    Type="Package"
    LastWriteTime="133432360615679358" />
  <Object
    Path="C:\Users\admin\Documents\vitya\lab2\Physical\Config2\4PP065_0571_P74\AccessAndSecurity\CertificateStore\ThirdPartyCertificates\Package.pkg"
    LogicalPath="Config2.4PP065_0571_P74.AccessAndSecurity.CertificateStore.ThirdPartyCertificates"
    Type="Package"
    LastWriteTime="133432360615835620" />
  <Object
    Path="C:\Users\admin\Documents\vitya\lab2\Physical\Config2\4PP065_0571_P74\AccessAndSecurity\CertificateStore\ThirdPartyCertificates\SoftwareCertificates\Package.pkg"
    LogicalPath="Config2.4PP065_0571_P74.AccessAndSecurity.CertificateStore.ThirdPartyCertificates.SoftwareCertificates"
    Type="Package"
    LastWriteTime="133432360615835620" />
  <Object
    Path="C:\Users\admin\Documents\vitya\lab2\Physical\Config2\4PP065_0571_P74\AccessAndSecurity\CertificateStore\CertificateRevocationLists\Package.pkg"
    LogicalPath="Config2.4PP065_0571_P74.AccessAndSecurity.CertificateStore.CertificateRevocationLists"
    Type="Package"
    LastWriteTime="133432360615835620" />
  <Object
    Path="C:\Users\admin\Documents\vitya\lab2\Physical\Config2\4PP065_0571_P74\AccessAndSecurity\CertificateStore\CertificateSigningRequests\Package.pkg"
    LogicalPath="Config2.4PP065_0571_P74.AccessAndSecurity.CertificateStore.CertificateSigningRequests"
    Type="Package"
    LastWriteTime="133432360615835620" />
  <Object
    Path="C:\Users\admin\Documents\vitya\lab2\Physical\Config2\4PP065_0571_P74\AccessAndSecurity\TransportLayerSecurity\Package.pkg"
    LogicalPath="Config2.4PP065_0571_P74.AccessAndSecurity.TransportLayerSecurity"
    Type="Package"
    LastWriteTime="133432360615991818" />
  <Object
    Path="C:\Users\admin\Documents\vitya\lab2\Physical\Config2\4PP065_0571_P74\mappControl\Package.pkg"
    LogicalPath="Config2.4PP065_0571_P74.mappControl"
    Type="Package"
    LastWriteTime="133432360616148189" />
  <Object
    Path="C:\Users\admin\Documents\vitya\lab2\Physical\Config2\4PP065_0571_P74\mappMotion\Package.pkg"
    LogicalPath="Config2.4PP065_0571_P74.mappMotion"
    Type="Package"
    LastWriteTime="133432360616148189" />
  <Object
    Path="C:\Users\admin\Documents\vitya\lab2\Physical\Config2\4PP065_0571_P74\mappServices\Package.pkg"
    LogicalPath="Config2.4PP065_0571_P74.mappServices"
    Type="Package"
    LastWriteTime="133432360616304534" />
  <Object
    Path="C:\Users\admin\Documents\vitya\lab2\Physical\Config2\4PP065_0571_P74\mappView\Package.pkg"
    LogicalPath="Config2.4PP065_0571_P74.mappView"
    Type="Package"
    LastWriteTime="133432360616304534" />
  <Object
    Path="C:\Users\admin\Documents\vitya\lab2\Physical\Config2\4PP065_0571_P74\mappCockpit\Package.pkg"
    LogicalPath="Config2.4PP065_0571_P74.mappCockpit"
    Type="Package"
    LastWriteTime="133432360616460743" />
  <Object
    Path="C:\Users\admin\Documents\vitya\lab2\Physical\Config2\Hardware.jpg"
    LogicalPath="Config2.Hardware.jpg"
    Type="File"
    LastWriteTime="133434874975371324"
    Private="false" />
</Objects>