<?xml version="1.0" encoding="utf-8"?>
<?AutomationStudio Version="4.5.2.102"?>
<Objects>
  <Object
    Path="C:\Users\admin\Documents\vitya\lab2\Logical\Package.pkg"
    LogicalPath=""
    Type="Package.ParentUnknown"
    LastWriteTime="133434883920412292" />
  <Object
    Path="C:\Users\admin\Documents\vitya\lab2\Logical\Global.typ"
    LogicalPath="Global.typ"
    Type="File"
    LastWriteTime="132127528420000000"
    Private="false" />
  <Object
    Path="C:\Users\admin\Documents\vitya\lab2\Logical\Global.var"
    LogicalPath="Global.var"
    Type="File"
    LastWriteTime="133434883932022070"
    Private="false" />
  <Object
    Path="C:\Users\admin\Documents\vitya\lab2\Logical\Libraries\Package.pkg"
    LogicalPath="Libraries"
    Type="Package"
    LastWriteTime="133434883916684138" />
  <Object
    Path="C:\Users\admin\Documents\vitya\lab2\Logical\Libraries\operator\binary.lby"
    LogicalPath="Libraries.operator"
    Type="Library"
    LastWriteTime="132127528440000000" />
  <Object
    Path="C:\Users\admin\Documents\vitya\lab2\Logical\Libraries\operator\operator.fun"
    LogicalPath="Libraries.operator.operator.fun"
    Type="File"
    LastWriteTime="132127528440000000"
    Private="false" />
  <Object
    Path="C:\Users\admin\Documents\vitya\lab2\Logical\Libraries\operator\operator.typ"
    LogicalPath="Libraries.operator.operator.typ"
    Type="File"
    LastWriteTime="132127528440000000"
    Private="false" />
  <Object
    Path="C:\Users\admin\Documents\vitya\lab2\Logical\Libraries\operator\operator.var"
    LogicalPath="Libraries.operator.operator.var"
    Type="File"
    LastWriteTime="132127528440000000"
    Private="false" />
  <Object
    Path="C:\Users\admin\Documents\vitya\lab2\Logical\Libraries\astime\binary.lby"
    LogicalPath="Libraries.astime"
    Type="Library"
    LastWriteTime="132127528440000000" />
  <Object
    Path="C:\Users\admin\Documents\vitya\lab2\Logical\Libraries\astime\astime.fun"
    LogicalPath="Libraries.astime.astime.fun"
    Type="File"
    LastWriteTime="132127528440000000"
    Private="false" />
  <Object
    Path="C:\Users\admin\Documents\vitya\lab2\Logical\Libraries\astime\astime.typ"
    LogicalPath="Libraries.astime.astime.typ"
    Type="File"
    LastWriteTime="132127528440000000"
    Private="false" />
  <Object
    Path="C:\Users\admin\Documents\vitya\lab2\Logical\Libraries\astime\astime.var"
    LogicalPath="Libraries.astime.astime.var"
    Type="File"
    LastWriteTime="132127528440000000"
    Private="false" />
  <Object
    Path="C:\Users\admin\Documents\vitya\lab2\Logical\Libraries\AsIecCon\binary.lby"
    LogicalPath="Libraries.AsIecCon"
    Type="Library"
    LastWriteTime="132127528440000000" />
  <Object
    Path="C:\Users\admin\Documents\vitya\lab2\Logical\Libraries\AsIecCon\AsIecCon.fun"
    LogicalPath="Libraries.AsIecCon.AsIecCon.fun"
    Type="File"
    LastWriteTime="132127528440000000"
    Private="false" />
  <Object
    Path="C:\Users\admin\Documents\vitya\lab2\Logical\Libraries\AsIecCon\AsIecCon.typ"
    LogicalPath="Libraries.AsIecCon.AsIecCon.typ"
    Type="File"
    LastWriteTime="132127528440000000"
    Private="false" />
  <Object
    Path="C:\Users\admin\Documents\vitya\lab2\Logical\Libraries\AsIecCon\AsIecCon.var"
    LogicalPath="Libraries.AsIecCon.AsIecCon.var"
    Type="File"
    LastWriteTime="132127528440000000"
    Private="false" />
  <Object
    Path="C:\Users\admin\Documents\vitya\lab2\Logical\Libraries\runtime\binary.lby"
    LogicalPath="Libraries.runtime"
    Type="Library"
    LastWriteTime="133434840784910880" />
  <Object
    Path="C:\Users\admin\Documents\vitya\lab2\Logical\Libraries\runtime\runtime.fun"
    LogicalPath="Libraries.runtime.runtime.fun"
    Type="File"
    LastWriteTime="133434840784754674"
    Private="false" />
  <Object
    Path="C:\Users\admin\Documents\vitya\lab2\Logical\Libraries\runtime\runtime.typ"
    LogicalPath="Libraries.runtime.runtime.typ"
    Type="File"
    LastWriteTime="133434840784910880"
    Private="false" />
  <Object
    Path="C:\Users\admin\Documents\vitya\lab2\Logical\Libraries\runtime\runtime.var"
    LogicalPath="Libraries.runtime.runtime.var"
    Type="File"
    LastWriteTime="133434840784910880"
    Private="false" />
  <Object
    Path="C:\Users\admin\Documents\vitya\lab2\Logical\Libraries\DriveLib\ANSIC.lby"
    LogicalPath="Libraries.DriveLib"
    Type="Library"
    LastWriteTime="133410653689668501" />
  <Object
    Path="C:\Users\admin\Documents\vitya\lab2\Logical\Libraries\DriveLib\Types.typ"
    LogicalPath="Libraries.DriveLib.Types.typ"
    Type="File"
    LastWriteTime="133434858996167200"
    Private="false" />
  <Object
    Path="C:\Users\admin\Documents\vitya\lab2\Logical\Libraries\DriveLib\Constants.var"
    LogicalPath="Libraries.DriveLib.Constants.var"
    Type="File"
    LastWriteTime="133410649072598068"
    Private="false" />
  <Object
    Path="C:\Users\admin\Documents\vitya\lab2\Logical\Libraries\DriveLib\DrivelIB.fun"
    LogicalPath="Libraries.DriveLib.DrivelIB.fun"
    Type="File"
    LastWriteTime="133434859398088879"
    Private="false" />
  <Object
    Path="C:\Users\admin\Documents\vitya\lab2\Logical\Libraries\DriveLib\DriveStateMashine.c"
    LogicalPath="Libraries.DriveLib.DriveStateMashine.c"
    Type="File"
    LastWriteTime="133432335234945488"
    Private="false" />
  <Object
    Path="C:\Users\admin\Documents\vitya\lab2\Logical\Libraries\DriveLib\DoorStateMashine.c"
    LogicalPath="Libraries.DriveLib.DoorStateMashine.c"
    Type="File"
    LastWriteTime="133432346113431948"
    Private="false" />
  <Object
    Path="C:\Users\admin\Documents\vitya\lab2\Logical\Libraries\DriveLib\LedStateMashine.c"
    LogicalPath="Libraries.DriveLib.LedStateMashine.c"
    Type="File"
    LastWriteTime="133432344559887590"
    Private="false" />
  <Object
    Path="C:\Users\admin\Documents\vitya\lab2\Logical\Libraries\Acp10man\Binary.lby"
    LogicalPath="Libraries.Acp10man"
    Type="Library"
    LastWriteTime="133434883786472338" />
  <Object
    Path="C:\Users\admin\Documents\vitya\lab2\Logical\Libraries\Acp10man\Acp10man.typ"
    LogicalPath="Libraries.Acp10man.Acp10man.typ"
    Type="File"
    LastWriteTime="133434883786472338"
    Private="false" />
  <Object
    Path="C:\Users\admin\Documents\vitya\lab2\Logical\Libraries\Acp10par\Binary.lby"
    LogicalPath="Libraries.Acp10par"
    Type="Library"
    LastWriteTime="133434883787787165" />
  <Object
    Path="C:\Users\admin\Documents\vitya\lab2\Logical\Libraries\Acp10par\Acp10par.var"
    LogicalPath="Libraries.Acp10par.Acp10par.var"
    Type="File"
    LastWriteTime="133434883787787165"
    Private="false" />
  <Object
    Path="C:\Users\admin\Documents\vitya\lab2\Logical\Libraries\NcGlobal\Binary.lby"
    LogicalPath="Libraries.NcGlobal"
    Type="Library"
    LastWriteTime="133434883788255811" />
  <Object
    Path="C:\Users\admin\Documents\vitya\lab2\Logical\Libraries\NcGlobal\NcGlobal.fun"
    LogicalPath="Libraries.NcGlobal.NcGlobal.fun"
    Type="File"
    LastWriteTime="133434883788099881"
    Private="false" />
  <Object
    Path="C:\Users\admin\Documents\vitya\lab2\Logical\Libraries\NcGlobal\NcGlobal.typ"
    LogicalPath="Libraries.NcGlobal.NcGlobal.typ"
    Type="File"
    LastWriteTime="133434883788099881"
    Private="false" />
  <Object
    Path="C:\Users\admin\Documents\vitya\lab2\Logical\Libraries\NcGlobal\NcGlobal.var"
    LogicalPath="Libraries.NcGlobal.NcGlobal.var"
    Type="File"
    LastWriteTime="133434883788255811"
    Private="false" />
  <Object
    Path="C:\Users\admin\Documents\vitya\lab2\Logical\Libraries\Acp10sdc\binary.lby"
    LogicalPath="Libraries.Acp10sdc"
    Type="Library"
    LastWriteTime="133434883890002337" />
  <Object
    Path="C:\Users\admin\Documents\vitya\lab2\Logical\Libraries\Acp10sdc\acp10sdc.var"
    LogicalPath="Libraries.Acp10sdc.acp10sdc.var"
    Type="File"
    LastWriteTime="133434883889902308"
    Private="false" />
  <Object
    Path="C:\Users\admin\Documents\vitya\lab2\Logical\Libraries\Acp10sdc\acp10sdc.typ"
    LogicalPath="Libraries.Acp10sdc.acp10sdc.typ"
    Type="File"
    LastWriteTime="133434883890002337"
    Private="false" />
  <Object
    Path="C:\Users\admin\Documents\vitya\lab2\Logical\Libraries\Acp10_MC\binary.lby"
    LogicalPath="Libraries.Acp10_MC"
    Type="Library"
    LastWriteTime="133434883899017746" />
  <Object
    Path="C:\Users\admin\Documents\vitya\lab2\Logical\Libraries\Acp10_MC\acp10_mc.fun"
    LogicalPath="Libraries.Acp10_MC.acp10_mc.fun"
    Type="File"
    LastWriteTime="133434883898861530"
    Private="false" />
  <Object
    Path="C:\Users\admin\Documents\vitya\lab2\Logical\Libraries\Acp10_MC\acp10_mc.typ"
    LogicalPath="Libraries.Acp10_MC.acp10_mc.typ"
    Type="File"
    LastWriteTime="133434883898861530"
    Private="false" />
  <Object
    Path="C:\Users\admin\Documents\vitya\lab2\Logical\Libraries\Acp10_MC\acp10_mc.var"
    LogicalPath="Libraries.Acp10_MC.acp10_mc.var"
    Type="File"
    LastWriteTime="133434883899017746"
    Private="false" />
  <Object
    Path="C:\Users\admin\Documents\vitya\lab2\Logical\Libraries\brsystem\binary.lby"
    LogicalPath="Libraries.brsystem"
    Type="Library"
    LastWriteTime="133434883899864501" />
  <Object
    Path="C:\Users\admin\Documents\vitya\lab2\Logical\Libraries\brsystem\brsystem.fun"
    LogicalPath="Libraries.brsystem.brsystem.fun"
    Type="File"
    LastWriteTime="133434883899708304"
    Private="false" />
  <Object
    Path="C:\Users\admin\Documents\vitya\lab2\Logical\Libraries\brsystem\brsystem.typ"
    LogicalPath="Libraries.brsystem.brsystem.typ"
    Type="File"
    LastWriteTime="133434883899708304"
    Private="false" />
  <Object
    Path="C:\Users\admin\Documents\vitya\lab2\Logical\Libraries\brsystem\brsystem.var"
    LogicalPath="Libraries.brsystem.brsystem.var"
    Type="File"
    LastWriteTime="133434883899708304"
    Private="false" />
  <Object
    Path="C:\Users\admin\Documents\vitya\lab2\Logical\Libraries\sys_lib\binary.lby"
    LogicalPath="Libraries.sys_lib"
    Type="Library"
    LastWriteTime="133434883900554704" />
  <Object
    Path="C:\Users\admin\Documents\vitya\lab2\Logical\Libraries\sys_lib\sys_lib.fun"
    LogicalPath="Libraries.sys_lib.sys_lib.fun"
    Type="File"
    LastWriteTime="133434883900333423"
    Private="false" />
  <Object
    Path="C:\Users\admin\Documents\vitya\lab2\Logical\Libraries\sys_lib\sys_lib.typ"
    LogicalPath="Libraries.sys_lib.sys_lib.typ"
    Type="File"
    LastWriteTime="133434883900333423"
    Private="false" />
  <Object
    Path="C:\Users\admin\Documents\vitya\lab2\Logical\Libraries\sys_lib\sys_lib.var"
    LogicalPath="Libraries.sys_lib.sys_lib.var"
    Type="File"
    LastWriteTime="133434883900489363"
    Private="false" />
  <Object
    Path="C:\Users\admin\Documents\vitya\lab2\Logical\Libraries\AsBrStr\binary.lby"
    LogicalPath="Libraries.AsBrStr"
    Type="Library"
    LastWriteTime="133434883916371392" />
  <Object
    Path="C:\Users\admin\Documents\vitya\lab2\Logical\Libraries\AsBrStr\AsBrStr.fun"
    LogicalPath="Libraries.AsBrStr.AsBrStr.fun"
    Type="File"
    LastWriteTime="133434883916271311"
    Private="false" />
  <Object
    Path="C:\Users\admin\Documents\vitya\lab2\Logical\Libraries\AsBrStr\AsBrStr.typ"
    LogicalPath="Libraries.AsBrStr.AsBrStr.typ"
    Type="File"
    LastWriteTime="133434883916271311"
    Private="false" />
  <Object
    Path="C:\Users\admin\Documents\vitya\lab2\Logical\Libraries\AsBrStr\AsBrStr.var"
    LogicalPath="Libraries.AsBrStr.AsBrStr.var"
    Type="File"
    LastWriteTime="133434883916371392"
    Private="false" />
  <Object
    Path="C:\Users\admin\Documents\vitya\lab2\Logical\Program\ANSIC.prg"
    LogicalPath="Program"
    Type="Program"
    LastWriteTime="133432339428578310" />
  <Object
    Path="C:\Users\admin\Documents\vitya\lab2\Logical\Program\Cyclic.c"
    LogicalPath="Program.Cyclic.c"
    Type="File"
    LastWriteTime="133432368732271454"
    Private="false" />
  <Object
    Path="C:\Users\admin\Documents\vitya\lab2\Logical\Program\Init.c"
    LogicalPath="Program.Init.c"
    Type="File"
    LastWriteTime="133432339428458628"
    Private="false" />
  <Object
    Path="C:\Users\admin\Documents\vitya\lab2\Logical\Program\Exit.c"
    LogicalPath="Program.Exit.c"
    Type="File"
    LastWriteTime="133432339428478587"
    Private="false" />
  <Object
    Path="C:\Users\admin\Documents\vitya\lab2\Logical\Program\Types.typ"
    LogicalPath="Program.Types.typ"
    Type="File"
    LastWriteTime="133432339428538415"
    Private="true" />
  <Object
    Path="C:\Users\admin\Documents\vitya\lab2\Logical\Program\Variables.var"
    LogicalPath="Program.Variables.var"
    Type="File"
    LastWriteTime="133432342248568678"
    Private="true" />
  <Object
    Path="C:\Users\admin\Documents\vitya\lab2\Logical\ncsdcctrl\IEC.prg"
    LogicalPath="ncsdcctrl"
    Type="Program"
    LastWriteTime="133434883761927531" />
  <Object
    Path="C:\Users\admin\Documents\vitya\lab2\Logical\ncsdcctrl\ncsdcctrlCyclic.st"
    LogicalPath="ncsdcctrl.ncsdcctrlCyclic.st"
    Type="File"
    LastWriteTime="133434883772276755"
    Private="false" />
  <Object
    Path="C:\Users\admin\Documents\vitya\lab2\Logical\ncsdcctrl\ncsdcctrlInit.st"
    LogicalPath="ncsdcctrl.ncsdcctrlInit.st"
    Type="File"
    LastWriteTime="133434883772120505"
    Private="false" />
  <Object
    Path="C:\Users\admin\Documents\vitya\lab2\Logical\ncsdcctrl\ncsdcctrl.typ"
    LogicalPath="ncsdcctrl.ncsdcctrl.typ"
    Type="File"
    LastWriteTime="133434883772120505"
    Private="true" />
  <Object
    Path="C:\Users\admin\Documents\vitya\lab2\Logical\ncsdcctrl\ncsdcctrl.var"
    LogicalPath="ncsdcctrl.ncsdcctrl.var"
    Type="File"
    LastWriteTime="133434883772120505"
    Private="true" />
  <Object
    Path="C:\Users\admin\Documents\vitya\lab2\Logical\acp10etxen\Ett.dob"
    LogicalPath="acp10etxen"
    Type="DataObject"
    LastWriteTime="133434883881081089" />
  <Object
    Path="C:\Users\admin\Documents\vitya\lab2\Logical\acp10etxen\acp10etxen.ett"
    LogicalPath="acp10etxen.acp10etxen.ett"
    Type="File"
    LastWriteTime="133434883882265080"
    Private="false" />
  <Object
    Path="C:\Users\admin\Documents\vitya\lab2\Logical\gAxis01obj\Package.pkg"
    LogicalPath="gAxis01obj"
    Type="Package"
    LastWriteTime="133434883923664493" />
  <Object
    Path="C:\Users\admin\Documents\vitya\lab2\Logical\gAxis01obj\gAxis01a\Apt.dob"
    LogicalPath="gAxis01obj.gAxis01a"
    Type="DataObject"
    LastWriteTime="133434883920916385" />
  <Object
    Path="C:\Users\admin\Documents\vitya\lab2\Logical\gAxis01obj\gAxis01a\gAxis01a.apt"
    LogicalPath="gAxis01obj.gAxis01a.gAxis01a.apt"
    Type="File"
    LastWriteTime="133434883921296899"
    Private="false" />
  <Object
    Path="C:\Users\admin\Documents\vitya\lab2\Logical\gAxis01obj\gAxis01i\Ax.dob"
    LogicalPath="gAxis01obj.gAxis01i"
    Type="DataObject"
    LastWriteTime="133434883922108509" />
  <Object
    Path="C:\Users\admin\Documents\vitya\lab2\Logical\gAxis01obj\gAxis01i\gAxis01i.ax"
    LogicalPath="gAxis01obj.gAxis01i.gAxis01i.ax"
    Type="File"
    LastWriteTime="133434883923513427"
    Private="false" />
  <Object
    Path="C:\Users\admin\Documents\vitya\lab2\Physical\Config3\Config.pkg"
    LogicalPath="Config3"
    Type="Configuration.ParentUnknown"
    LastWriteTime="133434883501847174" />
  <Object
    Path="C:\Users\admin\Documents\vitya\s\Physical\SampleText\Hardware.hw"
    LogicalPath="Config3.Hardware.hw"
    Type="File"
    LastWriteTime="133434884815937831"
    Private="false" />
  <Object
    Path="C:\Users\admin\Documents\vitya\s\Physical\SampleText\Hardware.hwl"
    LogicalPath="Config3.Hardware.hwl"
    Type="File"
    LastWriteTime="133434884007826690"
    Private="false" />
  <Object
    Path="C:\Users\admin\Documents\vitya\lab2\Physical\Config3\4PP065_0571_P74\Cpu.pkg"
    LogicalPath="Config3.4PP065_0571_P74"
    Type="Cpu"
    LastWriteTime="133434884213103551" />
  <Object
    Path="C:\Users\admin\Documents\vitya\lab2\Physical\Config3\4PP065_0571_P74\Cpu.sw"
    LogicalPath="Config3.4PP065_0571_P74.Cpu.sw"
    Type="File"
    LastWriteTime="133434883924203546"
    Private="false" />
  <Object
    Path="C:\Users\admin\Documents\vitya\lab2\Physical\Config3\4PP065_0571_P74\Cpu.per"
    LogicalPath="Config3.4PP065_0571_P74.Cpu.per"
    Type="File"
    LastWriteTime="133434883491337349"
    Private="false" />
  <Object
    Path="C:\Users\admin\Documents\vitya\lab2\Physical\Config3\4PP065_0571_P74\IoMap.iom"
    LogicalPath="Config3.4PP065_0571_P74.IoMap.iom"
    Type="File"
    LastWriteTime="133434883772433255"
    Private="false" />
  <Object
    Path="C:\Users\admin\Documents\vitya\lab2\Physical\Config3\4PP065_0571_P74\PvMap.vvm"
    LogicalPath="Config3.4PP065_0571_P74.PvMap.vvm"
    Type="File"
    LastWriteTime="133434883491402399"
    Private="false" />
  <Object
    Path="C:\Users\admin\Documents\vitya\lab2\Physical\Config3\4PP065_0571_P74\Connectivity\Package.pkg"
    LogicalPath="Config3.4PP065_0571_P74.Connectivity"
    Type="Package"
    LastWriteTime="133434883491714866" />
  <Object
    Path="C:\Users\admin\Documents\vitya\lab2\Physical\Config3\4PP065_0571_P74\Connectivity\OpcUA\Package.pkg"
    LogicalPath="Config3.4PP065_0571_P74.Connectivity.OpcUA"
    Type="Package"
    LastWriteTime="133434883491714866" />
  <Object
    Path="C:\Users\admin\Documents\vitya\lab2\Physical\Config3\4PP065_0571_P74\TextSystem\Package.pkg"
    LogicalPath="Config3.4PP065_0571_P74.TextSystem"
    Type="Package"
    LastWriteTime="133434883491871075" />
  <Object
    Path="C:\Users\admin\Documents\vitya\lab2\Physical\Config3\4PP065_0571_P74\UnitSystem\Package.pkg"
    LogicalPath="Config3.4PP065_0571_P74.UnitSystem"
    Type="Package"
    LastWriteTime="133434883491871075" />
  <Object
    Path="C:\Users\admin\Documents\vitya\lab2\Physical\Config3\4PP065_0571_P74\AccessAndSecurity\Package.pkg"
    LogicalPath="Config3.4PP065_0571_P74.AccessAndSecurity"
    Type="Package"
    LastWriteTime="133434883492873922" />
  <Object
    Path="C:\Users\admin\Documents\vitya\lab2\Physical\Config3\4PP065_0571_P74\AccessAndSecurity\UserRoleSystem\Package.pkg"
    LogicalPath="Config3.4PP065_0571_P74.AccessAndSecurity.UserRoleSystem"
    Type="Package"
    LastWriteTime="133434883492027280" />
  <Object
    Path="C:\Users\admin\Documents\vitya\lab2\Physical\Config3\4PP065_0571_P74\AccessAndSecurity\UserRoleSystem\Role.role"
    LogicalPath="Config3.4PP065_0571_P74.AccessAndSecurity.UserRoleSystem.Role.role"
    Type="File"
    LastWriteTime="133434883492027280"
    Private="false" />
  <Object
    Path="C:\Users\admin\Documents\vitya\lab2\Physical\Config3\4PP065_0571_P74\AccessAndSecurity\UserRoleSystem\User.user"
    LogicalPath="Config3.4PP065_0571_P74.AccessAndSecurity.UserRoleSystem.User.user"
    Type="File"
    LastWriteTime="133434883492027280"
    Private="false" />
  <Object
    Path="C:\Users\admin\Documents\vitya\lab2\Physical\Config3\4PP065_0571_P74\AccessAndSecurity\CertificateStore\Package.pkg"
    LogicalPath="Config3.4PP065_0571_P74.AccessAndSecurity.CertificateStore"
    Type="Package"
    LastWriteTime="133434883492873922" />
  <Object
    Path="C:\Users\admin\Documents\vitya\lab2\Physical\Config3\4PP065_0571_P74\AccessAndSecurity\CertificateStore\OwnCertificates\Package.pkg"
    LogicalPath="Config3.4PP065_0571_P74.AccessAndSecurity.CertificateStore.OwnCertificates"
    Type="Package"
    LastWriteTime="133434883492405227" />
  <Object
    Path="C:\Users\admin\Documents\vitya\lab2\Physical\Config3\4PP065_0571_P74\AccessAndSecurity\CertificateStore\OwnCertificates\Certificates\Package.pkg"
    LogicalPath="Config3.4PP065_0571_P74.AccessAndSecurity.CertificateStore.OwnCertificates.Certificates"
    Type="Package"
    LastWriteTime="133434883492405227" />
  <Object
    Path="C:\Users\admin\Documents\vitya\lab2\Physical\Config3\4PP065_0571_P74\AccessAndSecurity\CertificateStore\OwnCertificates\PrivateKeys\Package.pkg"
    LogicalPath="Config3.4PP065_0571_P74.AccessAndSecurity.CertificateStore.OwnCertificates.PrivateKeys"
    Type="Package"
    LastWriteTime="133434883492405227" />
  <Object
    Path="C:\Users\admin\Documents\vitya\lab2\Physical\Config3\4PP065_0571_P74\AccessAndSecurity\CertificateStore\ThirdPartyCertificates\Package.pkg"
    LogicalPath="Config3.4PP065_0571_P74.AccessAndSecurity.CertificateStore.ThirdPartyCertificates"
    Type="Package"
    LastWriteTime="133434883492561708" />
  <Object
    Path="C:\Users\admin\Documents\vitya\lab2\Physical\Config3\4PP065_0571_P74\AccessAndSecurity\CertificateStore\ThirdPartyCertificates\SoftwareCertificates\Package.pkg"
    LogicalPath="Config3.4PP065_0571_P74.AccessAndSecurity.CertificateStore.ThirdPartyCertificates.SoftwareCertificates"
    Type="Package"
    LastWriteTime="133434883492561708" />
  <Object
    Path="C:\Users\admin\Documents\vitya\lab2\Physical\Config3\4PP065_0571_P74\AccessAndSecurity\CertificateStore\CertificateRevocationLists\Package.pkg"
    LogicalPath="Config3.4PP065_0571_P74.AccessAndSecurity.CertificateStore.CertificateRevocationLists"
    Type="Package"
    LastWriteTime="133434883492717702" />
  <Object
    Path="C:\Users\admin\Documents\vitya\lab2\Physical\Config3\4PP065_0571_P74\AccessAndSecurity\CertificateStore\CertificateSigningRequests\Package.pkg"
    LogicalPath="Config3.4PP065_0571_P74.AccessAndSecurity.CertificateStore.CertificateSigningRequests"
    Type="Package"
    LastWriteTime="133434883492873922" />
  <Object
    Path="C:\Users\admin\Documents\vitya\lab2\Physical\Config3\4PP065_0571_P74\AccessAndSecurity\TransportLayerSecurity\Package.pkg"
    LogicalPath="Config3.4PP065_0571_P74.AccessAndSecurity.TransportLayerSecurity"
    Type="Package"
    LastWriteTime="133434883492873922" />
  <Object
    Path="C:\Users\admin\Documents\vitya\lab2\Physical\Config3\4PP065_0571_P74\mappControl\Package.pkg"
    LogicalPath="Config3.4PP065_0571_P74.mappControl"
    Type="Package"
    LastWriteTime="133434883492873922" />
  <Object
    Path="C:\Users\admin\Documents\vitya\lab2\Physical\Config3\4PP065_0571_P74\mappMotion\Package.pkg"
    LogicalPath="Config3.4PP065_0571_P74.mappMotion"
    Type="Package"
    LastWriteTime="133434883493030120" />
  <Object
    Path="C:\Users\admin\Documents\vitya\lab2\Physical\Config3\4PP065_0571_P74\mappServices\Package.pkg"
    LogicalPath="Config3.4PP065_0571_P74.mappServices"
    Type="Package"
    LastWriteTime="133434883493030120" />
  <Object
    Path="C:\Users\admin\Documents\vitya\lab2\Physical\Config3\4PP065_0571_P74\mappView\Package.pkg"
    LogicalPath="Config3.4PP065_0571_P74.mappView"
    Type="Package"
    LastWriteTime="133434883493030120" />
  <Object
    Path="C:\Users\admin\Documents\vitya\lab2\Physical\Config3\4PP065_0571_P74\mappCockpit\Package.pkg"
    LogicalPath="Config3.4PP065_0571_P74.mappCockpit"
    Type="Package"
    LastWriteTime="133434883493186427" />
  <Object
    Path="C:\Users\admin\Documents\vitya\lab2\Physical\Config3\4PP065_0571_P74\Motion\Package.pkg"
    LogicalPath="Config3.4PP065_0571_P74.Motion"
    Type="Package"
    LastWriteTime="133434883793013748" />
  <Object
    Path="C:\Users\admin\Documents\vitya\lab2\Physical\Config3\4PP065_0571_P74\Motion\Acp10map.ncm"
    LogicalPath="Config3.4PP065_0571_P74.Motion.Acp10map.ncm"
    Type="File"
    LastWriteTime="133434883878714141"
    Private="false" />
  <Object
    Path="C:\Users\admin\Documents\vitya\lab2\Physical\Config3\4PP065_0571_P74\Motion\Acp10cfg.ncc"
    LogicalPath="Config3.4PP065_0571_P74.Motion.Acp10cfg.ncc"
    Type="File"
    LastWriteTime="133434883880790650"
    Private="false" />
  <Object
    Path="C:\Users\admin\Documents\vitya\lab2\Physical\Config3\4PP065_0571_P74\Motion\Acp10sys.br"
    LogicalPath="Config3.4PP065_0571_P74.Motion.Acp10sys.br"
    Type="File"
    LastWriteTime="133434883793918854"
    Private="false" />
  <Object
    Path="C:\Users\admin\Documents\vitya\lab2\Physical\Config3\Hardware.jpg"
    LogicalPath="Config3.Hardware.jpg"
    Type="File"
    LastWriteTime="133434884817706635"
    Private="false" />
</Objects>